<?xml version="1.0" encoding="UTF-8"?>
<testng-results skipped="0" failed="0" ignored="0" total="1" passed="1">
  <reporter-output>
  </reporter-output>
  <suite name="All Test Suite" duration-ms="27" started-at="2020-03-09T20:17:47Z" finished-at="2020-03-09T20:17:47Z">
    <groups>
    </groups>
    <test name="/Users/suraj.yadav/Desktop/workSpace" duration-ms="27" started-at="2020-03-09T20:17:47Z" finished-at="2020-03-09T20:17:47Z">
      <class name="TestFile">
        <test-method status="PASS" signature="firstTest()[pri:0, instance:TestFile@67b64c45]" name="firstTest" duration-ms="6" started-at="2020-03-09T20:17:47Z" finished-at="2020-03-09T20:17:47Z">
          <reporter-output>
          </reporter-output>
        </test-method> <!-- firstTest -->
      </class> <!-- TestFile -->
    </test> <!-- /Users/suraj.yadav/Desktop/workSpace -->
  </suite> <!-- All Test Suite -->
</testng-results>
